<?xml version="1.0" encoding="UTF-8"?>
<!-- Generated by org.testng.reporters.JUnitXMLReporter -->
<testsuite ignored="0" hostname="WL350671" failures="0" tests="9" name="Default test" time="122.574" errors="0" timestamp="2020-07-03T14:55:17 IST">
  <testcase classname="com.tieto.test.LoginTest" name="checkLinkCount" time="0.046"/>
  <testcase classname="com.tieto.test.LoginTest" name="validCredentialTest" time="4.368"/>
  <testcase classname="com.tieto.test.LoginTest" name="validCredentialTest" time="4.154"/>
  <testcase classname="com.tieto.test.LoginTest" name="validCredentialTest" time="4.441"/>
  <testcase classname="com.tieto.test.LoginTest" name="validCredentialTest" time="4.163"/>
  <testcase classname="com.tieto.test.LoginTest" name="invalidCredentialTest" time="1.767"/>
  <testcase classname="com.tieto.test.LoginTest" name="invalidCredentialTest" time="1.708"/>
  <testcase classname="com.tieto.test.LoginTest" name="invalidCredentialTest" time="1.826"/>
  <testcase classname="com.tieto.test.LoginTest" name="invalidCredentialTest" time="1.725"/>
</testsuite> <!-- Default test -->
