<?xml version="1.0" encoding="UTF-8"?>
<!-- Generated by org.testng.reporters.JUnitXMLReporter -->
<testsuite ignored="0" hostname="WL350671" failures="0" tests="1" name="Add Patient Test" time="4.524" errors="0" timestamp="2020-07-03T16:12:47 IST">
  <testcase classname="com.tieto.base.WebDriverWrapper" name="@BeforeMethod init" time="4.522">
    <failure type="java.io.FileNotFoundException" message="testdata.data.properties (The system cannot find the file specified)">
      <![CDATA[java.io.FileNotFoundException: testdata.data.properties (The system cannot find the file specified)
at java.base/java.io.FileInputStream.open0(Native Method)
at java.base/java.io.FileInputStream.open(FileInputStream.java:212)
at java.base/java.io.FileInputStream.<init>(FileInputStream.java:154)
at java.base/java.io.FileInputStream.<init>(FileInputStream.java:109)
at com.tieto.utilities.PropUtils.getValueFromKey(PropUtils.java:11)
at com.tieto.base.WebDriverWrapper.init(WebDriverWrapper.java:48)
at java.base/java.util.ArrayList.forEach(ArrayList.java:1510)
... Removed 35 stack frames]]>
    </failure>
  </testcase> <!-- @BeforeMethod init -->
  <testcase classname="com.tieto.base.WebDriverWrapper" name="@AfterMethod end" time="-1.593772967952E9">
    <skipped/>
  </testcase> <!-- @AfterMethod end -->
  <testcase classname="com.tieto.test.AddPatientTest" name="createPtientTest" time="0.001">
    <skipped/>
  </testcase> <!-- createPtientTest -->
</testsuite> <!-- Add Patient Test -->
