<?xml version="1.0" encoding="UTF-8"?>
<testsuite xmlns:xsi="http://www.w3.org/2001/XMLSchema-instance" xsi:noNamespaceSchemaLocation="https://maven.apache.org/surefire/maven-surefire-plugin/xsd/surefire-test-report-3.0.xsd" version="3.0" name="TestSuite" time="7.962" tests="21" errors="0" skipped="20" failures="1">
  <properties>
[...]
</properties>
  <testcase name="init[ff](0)" classname="com.tieto.test.LoginTest" time="6.284">
    <failure message="testdata.data.properties (The system cannot find the file specified)" type="java.io.FileNotFoundException"><![CDATA[java.io.FileNotFoundException: testdata.data.properties (The system cannot find the file specified)
]]></failure>
    <system-out><![CDATA[ff
]]></system-out>
    <system-err><![CDATA[1593773341470	mozrunner::runner	INFO	Running command: "C:\\Program Files\\Mozilla Firefox\\firefox.exe" "-marionette" "-foreground" "-no-remote" "-profile" "C:\\Users\\prajaaru\\AppData\\Local\\Temp\\rust_mozprofilek90EHX"
JavaScript error: resource://gre/modules/XULStore.jsm, line 66: Error: Can't find profile directory.
1593773345253	Marionette	INFO	Listening on port 51156
1593773345722	Marionette	WARN	TLS certificate errors will be ignored for this session
Jul 03, 2020 4:19:05 PM org.openqa.selenium.remote.ProtocolHandshake createSession
INFO: Detected dialect: W3C
]]></system-err>
  </testcase>
  <testcase name="checkLinkCount" classname="com.tieto.test.LoginTest" time="0">
    <skipped message="testdata.data.properties (The system cannot find the file specified)"/>
  </testcase>
  <testcase name="end" classname="com.tieto.test.LoginTest" time="0">
    <skipped/>
  </testcase>
  <testcase name="end" classname="com.tieto.test.LoginTest" time="0">
    <skipped/>
  </testcase>
  <testcase name="end" classname="com.tieto.test.LoginTest" time="0">
    <skipped/>
  </testcase>
  <testcase name="end" classname="com.tieto.test.LoginTest" time="0">
    <skipped/>
  </testcase>
  <testcase name="end" classname="com.tieto.test.LoginTest" time="0">
    <skipped/>
  </testcase>
  <testcase name="end" classname="com.tieto.test.LoginTest" time="0">
    <skipped/>
  </testcase>
  <testcase name="end" classname="com.tieto.test.LoginTest" time="0">
    <skipped/>
  </testcase>
  <testcase name="init" classname="com.tieto.test.LoginTest" time="0">
    <skipped/>
    <system-out><![CDATA[5
<xml-fragment r="1" spans="1:4" x14ac:dyDescent="0.35" xmlns:r="http://schemas.openxmlformats.org/officeDocument/2006/relationships" xmlns:mc="http://schemas.openxmlformats.org/markup-compatibility/2006" xmlns:x14ac="http://schemas.microsoft.com/office/spreadsheetml/2009/9/ac" xmlns:main="http://schemas.openxmlformats.org/spreadsheetml/2006/main">
  <main:c r="A1" t="s">
    <main:v>0</main:v>
  </main:c>
  <main:c r="B1" t="s">
    <main:v>1</main:v>
  </main:c>
  <main:c r="C1" t="s">
    <main:v>4</main:v>
  </main:c>
  <main:c r="D1" t="s">
    <main:v>5</main:v>
  </main:c>
</xml-fragment>
admin
pass
English (Indian)
OpenEMR
physician
physician
English (Indian)
OpenEMR
accountant
accountant
English (Indian)
OpenEMR
bala
bala
English (Indian)
OpenEMR
]]></system-out>
  </testcase>
  <testcase name="init" classname="com.tieto.test.LoginTest" time="0">
    <skipped/>
  </testcase>
  <testcase name="init" classname="com.tieto.test.LoginTest" time="0">
    <skipped/>
  </testcase>
  <testcase name="init" classname="com.tieto.test.LoginTest" time="0">
    <skipped/>
  </testcase>
  <testcase name="init" classname="com.tieto.test.LoginTest" time="0">
    <skipped/>
  </testcase>
  <testcase name="init" classname="com.tieto.test.LoginTest" time="0">
    <skipped/>
  </testcase>
  <testcase name="validCredentialTest" classname="com.tieto.test.LoginTest" time="0">
    <skipped message="testdata.data.properties (The system cannot find the file specified)"/>
  </testcase>
  <testcase name="validCredentialTest" classname="com.tieto.test.LoginTest" time="0">
    <skipped message="testdata.data.properties (The system cannot find the file specified)"/>
  </testcase>
  <testcase name="validCredentialTest" classname="com.tieto.test.LoginTest" time="0">
    <skipped message="testdata.data.properties (The system cannot find the file specified)"/>
  </testcase>
  <testcase name="validCredentialTest" classname="com.tieto.test.LoginTest" time="0">
    <skipped message="testdata.data.properties (The system cannot find the file specified)"/>
  </testcase>
  <testcase name="invalidCredentialTest" classname="com.tieto.test.LoginTest" time="0">
    <skipped message="testdata.data.properties (The system cannot find the file specified)"/>
  </testcase>
  <testcase name="invalidCredentialTest" classname="com.tieto.test.LoginTest" time="0">
    <skipped message="testdata.data.properties (The system cannot find the file specified)"/>
  </testcase>
</testsuite>