<?xml version="1.0" encoding="UTF-8"?>
<testng-results ignored="0" total="9" passed="9" failed="0" skipped="0">
  <reporter-output>
    <line>
      <![CDATA[OpenEMR]]>
    </line>
    <line>
      <![CDATA[OpenEMR]]>
    </line>
    <line>
      <![CDATA[OpenEMR]]>
    </line>
    <line>
      <![CDATA[OpenEMR]]>
    </line>
    <line>
      <![CDATA[Invalid username or password]]>
    </line>
    <line>
      <![CDATA[Invalid username or password]]>
    </line>
    <line>
      <![CDATA[Invalid username or password]]>
    </line>
    <line>
      <![CDATA[Invalid username or password]]>
    </line>
  </reporter-output>
  <suite started-at="2020-07-03T14:53:14 IST" name="Default suite" finished-at="2020-07-03T14:55:17 IST" duration-ms="122574">
    <groups>
    </groups>
    <test started-at="2020-07-03T14:53:14 IST" name="Default test" finished-at="2020-07-03T14:55:17 IST" duration-ms="122574">
      <class name="com.tieto.test.LoginTest">
        <test-method is-config="true" signature="init(java.lang.String)[pri:0, instance:com.tieto.test.LoginTest@61dd025]" started-at="2020-07-03T14:53:14 IST" name="init" finished-at="2020-07-03T14:53:23 IST" duration-ms="9370" status="PASS">
          <params>
            <param index="0">
              <value>
                <![CDATA[ch]]>
              </value>
            </param>
          </params>
          <reporter-output>
          </reporter-output>
        </test-method> <!-- init -->
        <test-method signature="checkLinkCount()[pri:0, instance:com.tieto.test.LoginTest@61dd025]" started-at="2020-07-03T14:53:23 IST" name="checkLinkCount" finished-at="2020-07-03T14:53:23 IST" duration-ms="46" status="PASS">
          <reporter-output>
          </reporter-output>
        </test-method> <!-- checkLinkCount -->
        <test-method is-config="true" signature="end()[pri:0, instance:com.tieto.test.LoginTest@61dd025]" started-at="2020-07-03T14:53:23 IST" name="end" finished-at="2020-07-03T14:53:24 IST" duration-ms="754" status="PASS">
          <reporter-output>
          </reporter-output>
        </test-method> <!-- end -->
        <test-method is-config="true" signature="init(java.lang.String)[pri:0, instance:com.tieto.test.LoginTest@61dd025]" started-at="2020-07-03T14:53:25 IST" name="init" finished-at="2020-07-03T14:53:35 IST" duration-ms="9599" status="PASS">
          <params>
            <param index="0">
              <value>
                <![CDATA[ch]]>
              </value>
            </param>
          </params>
          <reporter-output>
          </reporter-output>
        </test-method> <!-- init -->
        <test-method signature="validCredentialTest(java.lang.String, java.lang.String, java.lang.String, java.lang.String)[pri:1, instance:com.tieto.test.LoginTest@61dd025]" started-at="2020-07-03T14:53:35 IST" name="validCredentialTest" data-provider="validCredentialData" finished-at="2020-07-03T14:53:39 IST" duration-ms="4368" status="PASS">
          <params>
            <param index="0">
              <value>
                <![CDATA[admin]]>
              </value>
            </param>
            <param index="1">
              <value>
                <![CDATA[pass]]>
              </value>
            </param>
            <param index="2">
              <value>
                <![CDATA[English (Indian)]]>
              </value>
            </param>
            <param index="3">
              <value>
                <![CDATA[OpenEMR]]>
              </value>
            </param>
          </params>
          <reporter-output>
            <line>
              <![CDATA[OpenEMR]]>
            </line>
          </reporter-output>
        </test-method> <!-- validCredentialTest -->
        <test-method is-config="true" signature="end()[pri:0, instance:com.tieto.test.LoginTest@61dd025]" started-at="2020-07-03T14:53:39 IST" name="end" finished-at="2020-07-03T14:53:40 IST" duration-ms="791" status="PASS">
          <reporter-output>
          </reporter-output>
        </test-method> <!-- end -->
        <test-method is-config="true" signature="init(java.lang.String)[pri:0, instance:com.tieto.test.LoginTest@61dd025]" started-at="2020-07-03T14:53:40 IST" name="init" finished-at="2020-07-03T14:53:50 IST" duration-ms="9886" status="PASS">
          <params>
            <param index="0">
              <value>
                <![CDATA[ch]]>
              </value>
            </param>
          </params>
          <reporter-output>
          </reporter-output>
        </test-method> <!-- init -->
        <test-method signature="validCredentialTest(java.lang.String, java.lang.String, java.lang.String, java.lang.String)[pri:1, instance:com.tieto.test.LoginTest@61dd025]" started-at="2020-07-03T14:53:50 IST" name="validCredentialTest" data-provider="validCredentialData" finished-at="2020-07-03T14:53:54 IST" duration-ms="4154" status="PASS">
          <params>
            <param index="0">
              <value>
                <![CDATA[physician]]>
              </value>
            </param>
            <param index="1">
              <value>
                <![CDATA[physician]]>
              </value>
            </param>
            <param index="2">
              <value>
                <![CDATA[English (Indian)]]>
              </value>
            </param>
            <param index="3">
              <value>
                <![CDATA[OpenEMR]]>
              </value>
            </param>
          </params>
          <reporter-output>
            <line>
              <![CDATA[OpenEMR]]>
            </line>
          </reporter-output>
        </test-method> <!-- validCredentialTest -->
        <test-method is-config="true" signature="end()[pri:0, instance:com.tieto.test.LoginTest@61dd025]" started-at="2020-07-03T14:53:54 IST" name="end" finished-at="2020-07-03T14:53:55 IST" duration-ms="764" status="PASS">
          <reporter-output>
          </reporter-output>
        </test-method> <!-- end -->
        <test-method is-config="true" signature="init(java.lang.String)[pri:0, instance:com.tieto.test.LoginTest@61dd025]" started-at="2020-07-03T14:53:55 IST" name="init" finished-at="2020-07-03T14:54:04 IST" duration-ms="9435" status="PASS">
          <params>
            <param index="0">
              <value>
                <![CDATA[ch]]>
              </value>
            </param>
          </params>
          <reporter-output>
          </reporter-output>
        </test-method> <!-- init -->
        <test-method signature="validCredentialTest(java.lang.String, java.lang.String, java.lang.String, java.lang.String)[pri:1, instance:com.tieto.test.LoginTest@61dd025]" started-at="2020-07-03T14:54:04 IST" name="validCredentialTest" data-provider="validCredentialData" finished-at="2020-07-03T14:54:09 IST" duration-ms="4441" status="PASS">
          <params>
            <param index="0">
              <value>
                <![CDATA[accountant]]>
              </value>
            </param>
            <param index="1">
              <value>
                <![CDATA[accountant]]>
              </value>
            </param>
            <param index="2">
              <value>
                <![CDATA[English (Indian)]]>
              </value>
            </param>
            <param index="3">
              <value>
                <![CDATA[OpenEMR]]>
              </value>
            </param>
          </params>
          <reporter-output>
            <line>
              <![CDATA[OpenEMR]]>
            </line>
          </reporter-output>
        </test-method> <!-- validCredentialTest -->
        <test-method is-config="true" signature="end()[pri:0, instance:com.tieto.test.LoginTest@61dd025]" started-at="2020-07-03T14:54:09 IST" name="end" finished-at="2020-07-03T14:54:10 IST" duration-ms="1182" status="PASS">
          <reporter-output>
          </reporter-output>
        </test-method> <!-- end -->
        <test-method is-config="true" signature="init(java.lang.String)[pri:0, instance:com.tieto.test.LoginTest@61dd025]" started-at="2020-07-03T14:54:10 IST" name="init" finished-at="2020-07-03T14:54:22 IST" duration-ms="11527" status="PASS">
          <params>
            <param index="0">
              <value>
                <![CDATA[ch]]>
              </value>
            </param>
          </params>
          <reporter-output>
          </reporter-output>
        </test-method> <!-- init -->
        <test-method signature="validCredentialTest(java.lang.String, java.lang.String, java.lang.String, java.lang.String)[pri:1, instance:com.tieto.test.LoginTest@61dd025]" started-at="2020-07-03T14:54:22 IST" name="validCredentialTest" data-provider="validCredentialData" finished-at="2020-07-03T14:54:26 IST" duration-ms="4163" status="PASS">
          <params>
            <param index="0">
              <value>
                <![CDATA[bala]]>
              </value>
            </param>
            <param index="1">
              <value>
                <![CDATA[bala]]>
              </value>
            </param>
            <param index="2">
              <value>
                <![CDATA[English (Indian)]]>
              </value>
            </param>
            <param index="3">
              <value>
                <![CDATA[OpenEMR]]>
              </value>
            </param>
          </params>
          <reporter-output>
            <line>
              <![CDATA[OpenEMR]]>
            </line>
          </reporter-output>
        </test-method> <!-- validCredentialTest -->
        <test-method is-config="true" signature="end()[pri:0, instance:com.tieto.test.LoginTest@61dd025]" started-at="2020-07-03T14:54:26 IST" name="end" finished-at="2020-07-03T14:54:26 IST" duration-ms="774" status="PASS">
          <reporter-output>
          </reporter-output>
        </test-method> <!-- end -->
        <test-method is-config="true" signature="init(java.lang.String)[pri:0, instance:com.tieto.test.LoginTest@61dd025]" started-at="2020-07-03T14:54:26 IST" name="init" finished-at="2020-07-03T14:54:36 IST" duration-ms="9875" status="PASS">
          <params>
            <param index="0">
              <value>
                <![CDATA[ch]]>
              </value>
            </param>
          </params>
          <reporter-output>
          </reporter-output>
        </test-method> <!-- init -->
        <test-method signature="invalidCredentialTest(java.lang.String, java.lang.String, java.lang.String, java.lang.String)[pri:2, instance:com.tieto.test.LoginTest@61dd025]" started-at="2020-07-03T14:54:36 IST" name="invalidCredentialTest" data-provider="invalidData" finished-at="2020-07-03T14:54:38 IST" duration-ms="1767" status="PASS">
          <params>
            <param index="0">
              <value>
                <![CDATA[john]]>
              </value>
            </param>
            <param index="1">
              <value>
                <![CDATA[john123]]>
              </value>
            </param>
            <param index="2">
              <value>
                <![CDATA[French (Standard)]]>
              </value>
            </param>
            <param index="3">
              <value>
                <![CDATA[Invalid username or password]]>
              </value>
            </param>
          </params>
          <reporter-output>
            <line>
              <![CDATA[Invalid username or password]]>
            </line>
          </reporter-output>
        </test-method> <!-- invalidCredentialTest -->
        <test-method is-config="true" signature="end()[pri:0, instance:com.tieto.test.LoginTest@61dd025]" started-at="2020-07-03T14:54:38 IST" name="end" finished-at="2020-07-03T14:54:39 IST" duration-ms="726" status="PASS">
          <reporter-output>
          </reporter-output>
        </test-method> <!-- end -->
        <test-method is-config="true" signature="init(java.lang.String)[pri:0, instance:com.tieto.test.LoginTest@61dd025]" started-at="2020-07-03T14:54:39 IST" name="init" finished-at="2020-07-03T14:54:49 IST" duration-ms="10125" status="PASS">
          <params>
            <param index="0">
              <value>
                <![CDATA[ch]]>
              </value>
            </param>
          </params>
          <reporter-output>
          </reporter-output>
        </test-method> <!-- init -->
        <test-method signature="invalidCredentialTest(java.lang.String, java.lang.String, java.lang.String, java.lang.String)[pri:2, instance:com.tieto.test.LoginTest@61dd025]" started-at="2020-07-03T14:54:49 IST" name="invalidCredentialTest" data-provider="invalidData" finished-at="2020-07-03T14:54:51 IST" duration-ms="1708" status="PASS">
          <params>
            <param index="0">
              <value>
                <![CDATA[peter]]>
              </value>
            </param>
            <param index="1">
              <value>
                <![CDATA[peter123]]>
              </value>
            </param>
            <param index="2">
              <value>
                <![CDATA[French (Standard)]]>
              </value>
            </param>
            <param index="3">
              <value>
                <![CDATA[Invalid username or password]]>
              </value>
            </param>
          </params>
          <reporter-output>
            <line>
              <![CDATA[Invalid username or password]]>
            </line>
          </reporter-output>
        </test-method> <!-- invalidCredentialTest -->
        <test-method is-config="true" signature="end()[pri:0, instance:com.tieto.test.LoginTest@61dd025]" started-at="2020-07-03T14:54:51 IST" name="end" finished-at="2020-07-03T14:54:52 IST" duration-ms="929" status="PASS">
          <reporter-output>
          </reporter-output>
        </test-method> <!-- end -->
        <test-method is-config="true" signature="init(java.lang.String)[pri:0, instance:com.tieto.test.LoginTest@61dd025]" started-at="2020-07-03T14:54:52 IST" name="init" finished-at="2020-07-03T14:55:01 IST" duration-ms="9530" status="PASS">
          <params>
            <param index="0">
              <value>
                <![CDATA[ch]]>
              </value>
            </param>
          </params>
          <reporter-output>
          </reporter-output>
        </test-method> <!-- init -->
        <test-method signature="invalidCredentialTest(java.lang.String, java.lang.String, java.lang.String, java.lang.String)[pri:2, instance:com.tieto.test.LoginTest@61dd025]" started-at="2020-07-03T14:55:01 IST" name="invalidCredentialTest" data-provider="invalidData" finished-at="2020-07-03T14:55:03 IST" duration-ms="1826" status="PASS">
          <params>
            <param index="0">
              <value>
                <![CDATA[john]]>
              </value>
            </param>
            <param index="1">
              <value>
                <![CDATA[john123]]>
              </value>
            </param>
            <param index="2">
              <value>
                <![CDATA[French (Standard)]]>
              </value>
            </param>
            <param index="3">
              <value>
                <![CDATA[Invalid username or password]]>
              </value>
            </param>
          </params>
          <reporter-output>
            <line>
              <![CDATA[Invalid username or password]]>
            </line>
          </reporter-output>
        </test-method> <!-- invalidCredentialTest -->
        <test-method is-config="true" signature="end()[pri:0, instance:com.tieto.test.LoginTest@61dd025]" started-at="2020-07-03T14:55:03 IST" name="end" finished-at="2020-07-03T14:55:04 IST" duration-ms="1220" status="PASS">
          <reporter-output>
          </reporter-output>
        </test-method> <!-- end -->
        <test-method is-config="true" signature="init(java.lang.String)[pri:0, instance:com.tieto.test.LoginTest@61dd025]" started-at="2020-07-03T14:55:04 IST" name="init" finished-at="2020-07-03T14:55:14 IST" duration-ms="9906" status="PASS">
          <params>
            <param index="0">
              <value>
                <![CDATA[ch]]>
              </value>
            </param>
          </params>
          <reporter-output>
          </reporter-output>
        </test-method> <!-- init -->
        <test-method signature="invalidCredentialTest(java.lang.String, java.lang.String, java.lang.String, java.lang.String)[pri:2, instance:com.tieto.test.LoginTest@61dd025]" started-at="2020-07-03T14:55:14 IST" name="invalidCredentialTest" data-provider="invalidData" finished-at="2020-07-03T14:55:16 IST" duration-ms="1725" status="PASS">
          <params>
            <param index="0">
              <value>
                <![CDATA[peter]]>
              </value>
            </param>
            <param index="1">
              <value>
                <![CDATA[peter123]]>
              </value>
            </param>
            <param index="2">
              <value>
                <![CDATA[French (Standard)]]>
              </value>
            </param>
            <param index="3">
              <value>
                <![CDATA[Invalid username or password]]>
              </value>
            </param>
          </params>
          <reporter-output>
            <line>
              <![CDATA[Invalid username or password]]>
            </line>
          </reporter-output>
        </test-method> <!-- invalidCredentialTest -->
        <test-method is-config="true" signature="end()[pri:0, instance:com.tieto.test.LoginTest@61dd025]" started-at="2020-07-03T14:55:16 IST" name="end" finished-at="2020-07-03T14:55:17 IST" duration-ms="793" status="PASS">
          <reporter-output>
          </reporter-output>
        </test-method> <!-- end -->
      </class> <!-- com.tieto.test.LoginTest -->
    </test> <!-- Default test -->
  </suite> <!-- Default suite -->
</testng-results>
