<?xml version="1.0" encoding="UTF-8"?>
<!-- Generated by org.testng.reporters.JUnitXMLReporter -->
<testsuite ignored="0" hostname="WL350671" failures="0" tests="4" name="Login Test" time="51.959" errors="0" timestamp="2020-07-02T16:22:50 IST">
  <testcase classname="com.tieto.test.LoginTest" name="checkLinkCount" time="0.056"/>
  <testcase classname="com.tieto.test.LoginTest" name="validCredentialTest" time="4.987"/>
  <testcase classname="com.tieto.test.LoginTest" name="invalidCredentialTest" time="1.854"/>
  <testcase classname="com.tieto.test.LoginTest" name="invalidCredentialTest" time="1.829"/>
</testsuite> <!-- Login Test -->
